<?xml version="1.0" encoding="UTF-8"?>
<!-- Generated by org.testng.reporters.JUnitReportReporter -->
<testsuite skipped="0" hostname="LTG-FVFY80LNHV29.local" name="com.betterWorks.tests.CreatePostTest" tests="1" failures="0" timestamp="06 Jul 2021 14:40:07 GMT" time="19.795" errors="0">
  <testcase name="LoginFromUser" time="19.795" classname="com.betterWorks.tests.CreatePostTest"/>
</testsuite> <!-- com.betterWorks.tests.CreatePostTest -->
